<?xml version="1.0" encoding="UTF-8"?>
<!-- Generated by org.testng.reporters.JUnitReportReporter -->
<testsuite hostname="InumentisQA3" name="mobstest.VerifyDeleteFunctionality" tests="1" failures="0" timestamp="23 May 2018 10:45:53 GMT" time="2.602" errors="0">
  <testcase name="loadUrl" time="2.602" classname="mobstest.VerifyDeleteFunctionality"/>
</testsuite> <!-- mobstest.VerifyDeleteFunctionality -->
