<?xml version="1.0" encoding="UTF-8"?>
<!-- Generated by org.testng.reporters.JUnitReportReporter -->
<testsuite hostname="InumentisQA3" name="mobstest.VerifyAddFunctionality" tests="1" failures="0" timestamp="23 May 2018 12:13:27 GMT" time="3.538" errors="0">
  <testcase name="loadUrl" time="3.538" classname="mobstest.VerifyAddFunctionality"/>
</testsuite> <!-- mobstest.VerifyAddFunctionality -->
