<?xml version="1.0" encoding="UTF-8"?>
<!-- Generated by org.testng.reporters.JUnitReportReporter -->
<testsuite hostname="InumentisQA3" name="fatestest.VerifyEditFunctionality" tests="1" failures="0" timestamp="23 May 2018 09:17:58 GMT" time="4.344" errors="0">
  <testcase name="loadUrl" time="4.344" classname="fatestest.VerifyEditFunctionality"/>
</testsuite> <!-- fatestest.VerifyEditFunctionality -->
