<?xml version="1.0" encoding="UTF-8"?>
<!-- Generated by org.testng.reporters.JUnitReportReporter -->
<testsuite hostname="InumentisQA3" name="fatestest.VerifyCodeIsUnique" tests="1" failures="0" timestamp="23 May 2018 08:48:41 GMT" time="3.810" errors="0">
  <testcase name="loadUrl" time="3.810" classname="fatestest.VerifyCodeIsUnique"/>
</testsuite> <!-- fatestest.VerifyCodeIsUnique -->
