<?xml version="1.0" encoding="UTF-8"?>
<!-- Generated by org.testng.reporters.JUnitReportReporter -->
<testsuite hostname="AAco7" name="Salpo.VerifyResultsNavigation" tests="1" failures="0" timestamp="14 Mar 2019 06:57:06 GMT" time="29.337" errors="0">
  <testcase name="loadUrl" time="29.337" classname="Salpo.VerifyResultsNavigation"/>
</testsuite> <!-- Salpo.VerifyResultsNavigation -->
