<?xml version="1.0" encoding="UTF-8"?>
<!-- Generated by org.testng.reporters.JUnitReportReporter -->
<testsuite hostname="AAco7" name="Salpo.VerifySalpoNavigation" tests="1" failures="0" timestamp="13 Mar 2019 12:59:35 GMT" time="27.308" errors="0">
  <testcase name="loadUrl" time="27.308" classname="Salpo.VerifySalpoNavigation"/>
</testsuite> <!-- Salpo.VerifySalpoNavigation -->
