<?xml version="1.0" encoding="UTF-8"?>
<!-- Generated by org.testng.reporters.JUnitReportReporter -->
<testsuite hostname="AAco7" name="Salpo.VerifySearchResults" tests="1" failures="0" timestamp="14 Mar 2019 06:57:06 GMT" time="26.885" errors="0">
  <testcase name="loadUrl" time="26.885" classname="Salpo.VerifySearchResults"/>
</testsuite> <!-- Salpo.VerifySearchResults -->
